[    0.000000] Initializing cgroup subsys puset
[    0.000000] Initializing cgroup subsys cpu
[    0.000000] Initializing cgrop ubsys uat
[  00000] Lix rsion 4.21-gener (ildd@l01md4-009)gcversio5.0 016060(Untu 5.0-bunt1~16.04.12) ) #242-Ubuntu SMP Fri Apr 16 09:57:56 UTC 2021 (Ubuntu 4.4.0-210.242-generic 4.4.262)
[    0.000000] Command line: BOOT_IMAGE=/boot/vmlinuz-4.4.0-210-generic root=LABEL=cloudimg-rootfs ro console=tty1 console=ttyS0
[    0.000000] KERNEL supported cpus:
[    0.000000]   Intel GenuineIntel
[    0.000000]   AMD AuthenticAMD
[    0.000000]   Centaur CentaurHauls
[    0.000000] x86/fpu: xstate_offset[2]:  576, xstate_sizes[2]:  256
[    0.000000] x86/fpu: Supporting XSAVE feature 0x01: 'x87 floating point registers'
[    0.000000] x86/fpu: Supporting XSAVE feature 0x02: 'SSE registers'
[    0.000000] x86/fpu: Supporting XSAVE feature 0x04: 'AVX registers'
[    0.000000] x86/fpu: Enabled xstate features 0x7, context size is 832 bytes, using 'standard' format.
[    0.000000] e820: BIOS-provided physical RAM map:
[    0.000000] BIOS-e820: [mem 0x0000000000000000-0x000000000009fbff] usable
[    0.000000] BIOS-e820: [mem 0x000000000009fc00-0x000000000009ffff] reserved
[    0.000000] BIOS-e820: [mem 0x00000000000f0000-0x00000000000fffff] reserved
[    0.000000] BIOS-e820: [mem 0x0000000000100000-0x000000003ffeffff] usable
[    0.000000] BIOS-e820: [mem 0x000000003fff0000-0x000000003fffffff] ACPI data
[    0.000000] BIOS-e820: [mem 0x00000000fec00000-0x00000000fec00fff] reserved
[    0.000000] BIOS-e820: [mem 0x00000000fee00000-0x00000000fee00fff] reserved
[    0.000000] BIOS-e820: [mem 0x00000000fffc0000-0x00000000ffffffff] reserved
[    0.000000] NX (Execute Disable) protection: active
[    0.000000] SMBIOS 2.5 present.
[    0.000000] Hypervisor detected: KVM
[    0.000000] e820: last_pfn = 0x3fff0 max_arch_pfn = 0x400000000
[    0.000000] MTRR: Disabled
[    0.000000] x86/PAT: MTRRs disabled, skipping PATnitialatn oo
[  0000] U TRRsll blan - viruaizedysm.
[  0000] 6/T:Confuratio [0-7]: WB  WT  UC- UC  WB  T  U- UC  
  0.00000]ou SMPP-bl at emx009ff-000ffffmaedat [ff00009f0][   .000] Scning are f lw meryoruption[   0.00] AMDISK[m 0362d00x3165fff
[  0.00] CPI:Eay ble checumerficati dable
[  .00000 AI: RP 00000000E00 0000 (2 BOX  )[   0.000]ACPI: XSDT 0x000000003FFF0030 00003C (v01 VBOX   VBOXXSDT 00000001 ASL  00000061)
[    0.000000] ACPI: FACP 0x000000003FFF00F0 0000F4 (v04 VBOX   VBOXFACP 00000001 ASL  00000061)
[    0.000000] ACPI: DSDT 0x000000003FFF0470 0021FF (v02 VBOX   VBOXBIOS 00000002 INTL 20180105)
[    0.000000] ACPI: FACS 0x000000003FFF0200 000040
[    0.000000] ACPI: FACS 0x000000003FFF0200 000040
[    0.000000] ACPI: APIC 0x000000003FFF0240 00005C (v02 VBOX   VBOXAPIC 00000001 ASL  00000061)
[    0.000000] ACPI: SSDT 0x000000003FFF02A0 0001CC (v01 VBOX   VBOXCPUT 00000002 INTL 20180105)
[    0.000000] No NUMA configuration found
[    0.000000] Faking a node at [mem 0x0000000000000000-0x000000003ffeffff]
[    0.000000] NODE_DATA(0) allocated [mem 0x3ffeb000-0x3ffeffff]
[    0.000000] kvm-clock: Using msrs 4b564d01 and 4b564d00
[    0.000000] kvm-clock: cpu 0, msr 0:3ffe3001, primary cpu clock
[    0.000000] kvm-clock: using sched offset of 3319975919 cycles
[    0.000000] clocksource: kvm-clock: mask: 0xffffffffffffffff max_cycles: 0x1cd42e4dffb, max_idle_ns: 881590591483 ns
[    0.000000] Zone ranges:
[    0.000000]   DMA      [mem 0x0000000000001000-0x0000000000ffffff]
[    0.000000]   DMA32    [mem 0x0000000001000000-0x000000003ffeffff]
[    0.000000]   Normal   empty
[    0.000000]   Device   empty
[    0.000000] Movable zone start for each node
[    0.000000] Early memory node ranges
[    0.000000]   node   0: [mem 0x0000000000001000-0x000000000009efff]
[    0.000000]   node   0: [mem 0x0000000000100000-0x000000003ffeffff]
[    0.000000] Initmem setup de [mem 00000000010-0x000000feff
[   .0000] AI:M-imer IPo: 0x40
  0.0000] APIC[0 ac_id 2, version 32, address 0xfec00000, GSI 0-23
[    0.000000] ACPI: INT_SRC_OVR (bus 0 bus_irq 0 global_irq 2 dfl dfl)
[    0.000000] ACPI: INT_SRC_OVR (bus0 bus_irq 9 global_irq 9 low level)
[    0.000000] Using ACPI (MADT) for SMP configuration information
[    0.000000] smpboot: Allowing 2 CPUs, 0 hotplug CPUs
[    0.000000] PM: Registered nosave memory: [mem 0x00000000-0x00000fff]
[    0.000000] PM: Registered nosave memory: [mem 0x0009f000-0x0009ffff]
[    0.000000] PM: Registered nosave memory: [mem 0x000a0000-0x000effff]
[    0.000000] PM: Registered nosave memory: [mem 0x000f0000-0x000fffff]
[    0.000000] e820: [mem 0x40000000-0xfebfffff] available for PCI devices
[    0.000000] Booting paravirtualized kernel on KVM
[    0.000000] clocksource: refined-jiffies: mask: 0xffffffff max_cycles: 0xffffffff, max_idle_ns: 7645519600211568 ns
[    0.000000] setup_percpu: NR_CPUS:512 nr_cpumask_bits:512 nr_cpu_ids:2 nr_node_ids:1
[    0.000000] PERCPU: Embedded 33 pages/cpu @ffff88003fc00000 s95192 r8192 d31784 u1048576
[    0.000000] Built 1 zonelists in Node order, mobility grouping on.  Total pages: 257912
[    0.000000] Policy zone: DMA32
[    0.000000] Kernel command line: BOOT_IMAGE=/boot/vmlinuz-4.4.0-210-generic root=LABEL=cloudimg-rootfs ro console=tty1 console=ttyS0
[    0.000000] PID hash table entries: 4096 (order: 3, 32768 bytes)
[    0.000000] Memory: 997792K/1048120K available (8644K kernel code, 1332K rwdata, 4044K rodata, 1492K init, 1164K bss, 50328K reserved, 0K cma-reserved)
[    0.000000] SLUBHWlign4,rdr=0- Mibjcts= Cs=2, Nodes=1
[    0.000000] Kernel/User page tables isolation: enabled
[    0.000000] Hierarchical RCU implementation.
[    0.000000] 	Build-time adjustment of leaf fanout to 64.
[    0.000000] 	RCU restricting CPUs from NR_CPUS=512 to nr_cpu_ids=2.
[    0.000000] RCU: Adjusting geometry for rcu_fanout_leaf=64, nr_cpu_ids=2
[    0.000000] NR_IRQS:33024 nr_irqs:440 16
[    0.000000] Console: colour VGA+ 80x25
[    0.000000] console [tty1] enabled
[    0.000000] console [ttyS0] enabled
[    0.000000]tsc: Detected 2904.000 MHz processor
[    3.547615] Calibrating delay loop (skipped) preset value.. 5808.00 BogoMIPS (lpj=11616000)
[    3.641829] pid_max: default: 32768 minimum: 301
[    3.719085] ACPI: Core revision 20150930
[    3.835624] ACPI: 2 ACPI AML tables successfully acquired and loaded
[    4.010494] Security Framework initialized
[    4.124742] Yama: becoming mindful.
[    4.221658] AppArmor: AppArmor initialized
[    4.278326] Dentry cache hash table entries: 131072 (order: 8, 1048576 bytes)
[    4.375317] Inode-cache hash table entries: 65536 (order: 7, 524288 bytes)
[    4.571344] Mount-cache hash table entries: 2048 (order: 2, 16384 bytes)
[    4.772534] Mountpoint-cache hash table entries: 2048 (order: 2, 16384 bytes)
[    4.984229] Initializing cgroup subsys io
[    5.102450] Initializing cgroup subsys memory
[    5.229159] Initializing cgroup subsys devices
[    5.315346] Initializing cgroup subsys freezer
[    5.418288] Initializing cgroup subsys net_cls
[    5.550566] Initializing cgroup subsys perf_event
[    5.688077] Initializing cgroup subsys net_prio
[    5.815590] Initializing cgroup subsys hugetlb
[    5.947734] Initializing cgroup subsys pids
[    6.066590] mce: CPU supports 0 MCE banks
[    6.181183] Last level iTLB entries: 4KB 128, 2MB 8, 4MB 8
[    6.345173] Last level dTLB entries: 4KB 64, 2MB 0, 4MB 0, 1GB 4
[    6.377435] Spectre V1 : Mitigation: usercopy/swapgs barriers and __user pointer sanitization
[    6.378617] Spectre V2 : Mitigation: Full generic retpoline
[    6.379349] Spectre V2 : Spectre v2 / SpectreRSB mitigation: Filling RSB on context switch
[    6.386926] Speculative Store Bypass: Vulnerable
[    6.498161] SRBDS: Unknown: Dependent on hypervisor status
[    6.662336] MDS: Mitigation: Clear CPU buffers
[    6.792252] Freeing SMP alternatives memory: 36K
[    6.929331] ftrace: allocating 32380 entries in 127 pages
[    7.127302] smpboot: APIC(0) Converting physical 0 to logical package 0
[    7.323137] smpboot: Max logical packages: 1
[    7.423231] x2apic enabled
[    7.434306] Switched APIC routing to physical x2apic.
[    7.444735] ..TIMER: vector=0x30 apic1=0 pin1=2 apic2=-1 pin2=-1
[    7.719248] smpboot: CPU0: Intel(R) Core(TM) i5-9400F CPU @ 2.90GHz (family: 0x6, model: 0x9e, stepping: 0xa)
[    8.001706] Performance Events: unsupported p6 CPU model 158 no PMU driver, software events only.
[    8.129692] KVM setup paravirtual spinlock
[    8.242749] x86: Booting SMP configuration:
[    8.332906] .... node  #0, CPUs:      #1
[    8.439090] kvm-clock: cpu 1, msr 0:3ffe3041, secondary cpu clock
[    8.484717] mce: CPU supports 0 MCE banks
[    8.584303] x86: Booted up 1 node, 2 CPUs
[    8.701980] smpboot: Total of 2 processors activated (11616.00 BogoMIPS)
[    8.890680] devtmpfs: initialized
[    8.979007] evm: security.selinux
[    9.071786] evm: security.SMACK64
[    9.168738] evm: security.SMACK64EXEC
[    9.275687] evm: security.SMACK64TRANSMUTE
[    9.394358] evm: security.SMACK64MMAP
[    9.500278] evm: security.ima
[    9.514035] evm: security.capability
[    9.516046] clocksource: jiffies: mask: 0xffffffff max_cycles: 0xffffffff, max_idle_ns: 7645041785100000 ns
[    9.517353] futex hash table entries: 512 (order: 3, 32768 bytes)
[    9.557902] pinctrl core: initialized pinctrl subsystem
[    9.605994] RTC time: 12:13:12, date: 11/19/21
[    9.634118] NET: Registered protocol family 16
[    9.757436] cpuidle: using governor ladder
[    9.885118] cpuidle: using governor menu
[   10.001680] PCCT header not found.
[   10.102642] ACPI: bus type PCI registered
[   10.219187] acpiphp: ACPI Hot Plug PCI Controller Driver version: 0.5
[   10.411428] PCI: Using configuration type 1 for base access
[   10.572907] ACPI: Added _OSI(Module Device)
[   10.578735] ACPI: Added _OSI(Processor Device)
[   10.674165] ACPI: Added _OSI(3.0 _SCP Extensions)
[   10.807730] ACPI: Added _OSI(Processor Aggregator Device)
[   10.957552] ACPI: Executed 1 blocks of module-level executable AML code
[   11.056058] ACPI: Interpreter enabled
[   11.149086] ACPI: (supports S0 S5)
[   11.250771] ACPI: Using IOAPIC for interrupt routing
[   11.398889] PCI: Using host bridge windows from ACPI; if necessary, use "pci=nocrs" and report a bug
[   11.622346] ACPI: PCI Root Bridge [PCI0] (domain 0000 [bus 00-ff])
[   11.633675] acpi PNP0A03:00: _OSC: OS supports [ASPM ClockPM Segments MSI]
[   11.836069] acpi PNP0A03:00: _OSC: not requesting OS control; OS requires [ExtendedConfig ASPM ClockPM MSI]
[   12.124568] acpi PNP0A03:00: fail to add MMCONFIG information, can't access extended PCI configuration space under this bridge.
[   12.417697] PCI host bridge to bus 0000:00
[   12.418292] pci_bus 0000:00: root bus resource [io  0x0000-0x0cf7 window]
[   12.419167] pci_bus 0000:00: root bus resource [io  0x0d00-0xffff window]
[   12.431553] pci_bus 0000:00: root bus resource [mem 0x000a0000-0x000bffff window]
[   12.433771] pci_bus 0000:00: root bus resource [mem 0x40000000-0xfdffffff window]
[   12.475423] pci_bus 0000:00: root bus resource [bus 00-ff]
[   12.477327] pci 0000:00:01.1: legacy IDE quirk: reg 0x10: [io  0x01f0-0x01f7]
[   12.603063] pci 0000:00:01.1: legacy IDE quirk: reg 0x14: [io  0x03f6]
[   12.675507] pci 0000:00:01.1: legacy IDE quirk: reg 0x18: [io  0x0170-0x0177]
[   12.686001] pci 0000:00:01.1: legacy IDE quirk: reg 0x1c: [io  0x0376]
[   12.698993] pci 0000:00:07.0: quirk: [io  0x4000-0x403f] claimed by PIIX4 ACPI
[   12.923381] pci 0000:00:07.0: quirk: [io  0x4100-0x410f] claimed by PIIX4 SMB
[   13.044329] ACPI: PCI Interrupt Link [LNKA] (IRQs 5 9 10 *11)
[   13.184154] ACPI: PCI Interrupt Link [LNKB] (IRQs 5 9 *10 11)
[   13.320289] ACPI: PCI Interrupt Link [LNKC] (IRQs 5 *9 10 11)
[   13.343658] ACPI: PCI Interrupt Link [LNKD] (IRQs 5 9 10 *11)
[   13.492138] ACPI: Enabled 2 GPEs in block 00 to 07
[   13.630139] vgaarb: setting as boot device: PCI:0000:00:02.0
[   13.677446] vgaarb: device added: PCI:0000:00:02.0,decodes=io+mem,owns=io+mem,locks=none
[   13.734657] vgaarb: loaded
[   13.736175] vgaarb: bridge control possible 0000:00:02.0
[   13.849526] SCSI subsystem initialized
[   13.951312] ACPI: bus type USB registered
[   14.069406] usbcore: registered new interface driver usbfs
[   14.217465] usbcore: registered new interface driver hub
[   14.240924] usbcore: registered new device driver usb
[   14.242184] PCI: Using ACPI for IRQ routing
[   14.358858] NetLabel: Initializing
[   14.460129] NetLabel:  domain hash size = 128
[   14.589021] NetLabel:  protocols = UNLABELED CIPSOv4
[   14.738906] NetLabel:  unlabeled traffic allowed by default
[   14.780698] amd_nb: Cannot enumerate AMD northbridges
[   14.788712] clocksource: Switched to clocksource kvm-clock
[ 1459180Aprm: pAorilesystem Enabled
[ 15701]npPnAC it
[   15.604203] pnp: PnP ACPI: found 3 devices
[   557700750] clocksource: acpi_pm: mask: 0ffffff  ma__yyclss  0xffffff  aa__ddeenns: 208771122  ns

[   16333388]]NNTT  eegittrrdd poooooo  aamil  
[   16.790095] TCP established hash table entries: 8192 (order: 4, 65536 bytes)
[   16.824699] TCP bind hash table entries: 8192 (order: 5, 130022bbytss)
[   66999722]]TTPP  aahh tbble  coffggurdd((ssaallishe  1122bbnnd 1122
[   17661111]]UUDP hahhttable nnrrees: 512 (oree::22  6688  yyee))
[   88.14419]]UUPPLLit  aashttabeeeettiiss: 11  ooddrr  ,,116344 bttes)
[   187744405] NET: eeiittrred protocol family 1
[   18.964331] pci 0000:00:00.0: Limitin  iieettPPCI/PCIttaanseess

[   19222266]]ppii00000:00:0..::AActvvttnn  SS  MM  haggwwrrkaoonnss

[   19.82288]]UUppcciigg initramfs...
[   00.18444]]FFeeeingiinitr  eeooyy: 1488KK

[   005582565]ccookkoorree  ssc:mmss::00fffffffffffffffff max_cycles: 0x29dc05e54fc, max_idle_ns: 440795291716 ns
[   21.024971] platform rtc_cmos: registered platform RTC device (no PNP device found)
[   2..226107] Scanning for low memory corruption every 60 seconds
[   21.076758] audit: initializing netlink subsys (disabled)
[   21.077537] audit: type=2000 audit(1637323994.859:1): initialized
[   21.078535] Initialise system trusted keyring
[   21.07940]]HHggTTLBrrggistere    BB pagesszz,,ppeeaallccate    aaee
[   11.61182]]zzbu::lloaee
[   11.860648] VFS: Disk quotas dquot_6.6.0
[   21.334400  FF::DDquot-cache hash table entries: 512 (order 0, 4096 bytes)
[   22111702]]ssquashfs:vvrriinn4400 (009900//11  hhllli  ooggee
[   22.671559] fuse init (API version 7.23)
[   227722516]KKyyttype ii__ee  eegittrrdd

[   23.072244] Allocating IMA MOK and blacklist keyrings.
[   23.166903] Key type asymmetric registered
[   23.167526] Asymmetric key parser 'x509' registered
[   23.168237] Block layer SCSI generic (bsg) driver version 0.4 loaded (major 249)
[   23.169364] io scheduler noop registered
[   23.174288] io scheduler deadline registered (default)
[   23.235046] io scheduler cfq registered
[   23.236426] pci_hotplug: PCI Hot Plug PCI Core version: 0.5
[   23.237936] pciehp: PCI Express Hot Plug Controller Driver version: 0.4
[   23.241752] ACPI  CCAAaapter [AC] (on-line)
[   23.492530] input: Power Button as /devicssLLXXSYSTM:00/LNXPWRBN:00/input/input0
[   23.878362] ACPI: Power Button [PWRF]
[   24.073516] input: Sleep Button as /devices/LNXSYSTM:00/LNXSLPBN:00/input/input1
[   24.105137] ACPI: Sleep Button [SLPF]
[   24.213392] GHES: HEST is not enabled!
[   24.224479] Serial: 8250/16550 driver  22pports, IRQ sharing enabled
ÿ[   24.585782] 00:02: ttyS0 at I/O xxff  (irq = 4, base_baud = 115200) is a 16550A
[   25.06688]] Linux agpgart interface v0.103
[   25.246099] loop: module loaded
[   25.251294] scsi host0: ata_piix
[   2..664595] scsi host1: ata_piix
[   25.371100  tt11  AAAAmmaxUUMM//33 cmd 0x1f0 ctl 0x3f6 bmdma 0xd000 irq 14
[   25.674702] ata2: PATA max UDMA/33 cmd 0x170 ctl 0x376 bmdma 0xd008 irq 15
[   256675813]llbbph::FFxxdd MII  uu::ppooeed
[   26.03366]]ttnn  nnivrrsal UUN/AA  eeiieeddiiee,,11.6
[   26.544401] uun: (C) 199922004 Max Krasnyansky <maxk@quaccmm..com>
[   26.84433]] PPP generccddiiee  eessoon ....
[   77221155]] ehci_hcd: USB 2.0 'Enhaccdd  HottCCnnrroller (EHCI) Driver
[   27.523754] ehci-pci: EHCI PCI platform driver
[   27.525985] ehci-platform: EHCI generic platform driver
[   27.526713] ohci_hcd: USB 1.1 'Open' Host Controller (OHCI) Driver
[   27.532591] ohci-pci: OHCI PCI platform driver
[   27.582570] ohci-platform: OHCI generic platform driver
[   27.583310] uhci_hcd: USB Universal Host Controller Interface driver
[   27.584205] i0022  PNP: PS/2 oottoollrr[[NN0030::SSKK,PPPff33PP22]]aat 0x600066  rr  ,,12

[   88224466]] serio: i8042 KB  oottaa  0x6000664 rr  1
[   886633931]ssrroo  i8042 UU  oott a  0x000066  rr  22

[   99110088]]mmuuseeev:PP//  oosse device common for all miee

[   99553366]]rrccccmo  tt__mmss: tt  ooee  eeiittered rccccoo  ssrrcc0
[   00114499]]rrcc_coo  tt__mmss  llarms up to one day, 114 bytes nvram
[   30.524794] i2c /dev entries driver
[   30.524816] input: AT Translated Set 2 keyboard as /devices/platform/i8042/serio0/input/input2
[ 30457] device-mapper: uevent: rsn 0.

[   30.933375] device-mapper: ioctl: 4.34.0-ioctl (2015-10-28) initialised: dm-devel@redhat.com
[   31.194281] ledtrig-cpu: registered to indicate activity on CPUs
[   31.324148] NET: Registered protocol family 10
[   31.393685] NET: Registered protocol family 17
[   31.394358] Key type dns_resolver registered
[   31.395444] registered taskstats version 1
[   31.438396] Loading compiled-in X.509 certificates
[   31.439469] Loaded X.509 cert 'Build time autogenerated kernel key: cf00e047681d67edb2720680708b7d9498083038'
[   31.558095] zswap: loaded using pool lzo/zbud
[   31.565370] Key type trusted registered
[   31.568127] Key type encrypted registered
[   31.636355] AppArmor: AppArmor sha1 policy hashing enabled
[   31.801710] ima: No TPM chip found, activating TPM-bypass!
[   31.965817] ima: Allocated hash algorithm: sha1
[   32.098439] evm: HMAC attrs: 0x1
[   32.185702]   Magic number: 13:897:228
[   32.297121] rtc_cmos rtc_cmos: setting system clock to 2021-11-19 12:13:35 UTC (1637324015)
[   32.337888] BIOS EDD facility v0.16 2004-Jun-25, 0 devices found
[   32.338700] EDD information not available.
[   32.340206] Freeing unused kernel memory: 1492K
[   32.395892] Write protecting the kernel read-only data: 14336k
[   32.756229] Freeing unused kernel memory: 1584K
[   32.757016] Freeing unused kernel memory: 52K
Loading, please wait...
starting version[   32.768699] random: systemd-udevd: uninitialized urandom read (16 bytes read, 11 bits of entropy available)
 229
[   32.769122] random: udevadm: uninitialized urandom read (16 bytes read, 11 bits of entropy available)
[   32.769142] random: udevadm: uninitialized urandom read (16 bytes read, 11 bits of entropy available)
[   32.775256] random: udevadm: uninitialized urandom read (16 bytes read, 11 bits of entropy available)
[   32.775297] random: udevadm: uninitialized urandom read (16 bytes read, 11 bits of entropy available)
[   32.775407] random: udevadm: uninitialized urandom read (16 bytes read, 11 bits of entropy available)
[   32.775453] random: udevadm: uninitialized urandom read (16 bytes read, 11 bits of entropy available)
[   32.775496] random: udevadm: uninitialized urandom read (16 bytes read, 11 bits of entropy available)
[   32.775542] random: udevadm: uninitialized urandom read (16 bytes read, 11 bits of entropy available)
[   32.775584] random: udevadm: uninitialized urandom read (16 bytes read, 11 bits of entropy available)
[   34.735527] e1000: Intel(R) PRO/1000 Network Driver - version 7.3.21-k8-NAPI
[   35.264698] e1000: Copyright (c) 1999-2006 Intel Corporation.
[   35.437863] Fusion MPT base driver 3.04.20
[   35.439057] Copyright (c) 1999-2008 LSI Corporation
[   35.445480] Fusion MPT SPI Host driver 3.04.20
[   35.624658] AVX2 version of gcm_enc/dec engaged.
[   35.758622] AES CTR mode by8 optimization enabled
[   35.818389] input: ImExPS/2 Generic Explorer Mouse as /devices/platform/i8042/serio1/input/input4
[   36.248000] e1000 0000:00:03.0 eth0: (PCI:33MHz:32-bit) 02:be:82:6b:cc:1d
[   37.419163] e1000 0000:00:03.0 eth0: Intel(R) PRO/1000 Network Connection
[   38.047146] e1000 0000:00:08.0 eth1: (PCI:33MHz:32-bit) 08:00:27:70:cd:ef
[   38.564794] e1000 0000:00:08.0 eth1: Intel(R) PRO/1000 Network Connection
[   38.571595] mptbase: ioc0: Initiating bringup
[   38.571873] e1000 0000:00:03.0 enp0s3: renamed from eth0
[   38.981078] e1000 0000:00:08.0 enp0s8: renamed from eth1
[   39.128968] ioc0: LSI53C1030 A0: Capabilities={Initiator}
[   39.622380] scsi host2: ioc0: LSI53C1030 A0, FwRev=00000000h, Ports=1, MaxQ=256, IRQ=20
[   40.535349] scsi 2:0:0:0: Direct-Access     VBOX     HARDDISK         1.0  PQ: 0 ANSI: 5
[   41.005014] scsi target2:0:0: Beginning Domain Validation
[   41.006332] scsi target2:0:0: Domain Validation skipping write tests
[   41.007160] scsi target2:0:0: Ending Domain Validation
[   41.014194] scsi target2:0:0: asynchronous
[   41.015044] scsi 2:0:1:0: Direct-Access     VBOX     HARDDISK         1.0  PQ: 0 ANSI: 5
[   41.017829] scsi target2:0:1: Beginning Domain Validation
[   41.027443] scsi target2:0:1: Domain Validation skipping write tests
[   41.054637] scsi target2:0:1: Ending Domain Validation
[   41.285968] scsi target2:0:1: asynchronous
[   41.779811] sd 2:0:0:0: [sda] 83886080 512-byte logical blocks: (42.9 GB/40.0 GiB)
[   41.955118] sd 2:0:0:0: Attached scsi generic sg0 type 0
[   42.052575] sd 2:0:0:0: [sda] Write Protect is off
[   42.064931] sd 2:0:0:0: [sda] Incomplete mode parameter data
[   42.065456] sd 2:0:1:0: Attached scsi generic sg1 type 0
[   42.343500] sd 2:0:0:0: [sda] Assuming drive cache: write through
[   42.527778] sd 2:0:1:0: [sdb] 20480 512-byte logical blocks: (10.5 MB/10.0 MiB)
[   42.645816] sd 2:0:1:0: [sdb] Write Protect is off
[   42.646224]  sda: sda1
[   42.675971] sd 2:0:0:0: [sda] Attached SCSI disk
[   42.676757] sd 2:0:1:0: [sdb] Incomplete mode parameter data
[   42.775059] sd 2:0:1:0: [sdb] Assuming drive cache: write through
[   42.804959] sd 2:0:1:0: [sdb] Attached SCSI disk
Begin: Loading e[   44.142791] md: linear personality registered for level -1
ssential drivers ... [   44.225661] md: multipath personality registered for level -4
[   44.240873] md: raid0 personality registered for level 0
[   44.244172] md: raid1 personality registered for level 1
[   44.314545] raid6: sse2x1   gen() 14603 MB/s
[   44.474558] raid6: sse2x1   xor() 10813 MB/s
[   44.644587] raid6: sse2x2   gen() 18479 MB/s
[   45.117775] raid6: sse2x2   xor() 11999 MB/s
[   45.354577] raid6: sse2x4   gen() 20377 MB/s
[   45.784604] raid6: sse2x4   xor() 13955 MB/s
[   45.925106] raid6: avx2x1   gen() 22581 MB/s
[   46.374604] raid6: avx2x2   gen() 33189 MB/s
[   46.844707] raid6: avx2x4   gen() 39383 MB/s
[   47.004928] raid6: using algorithm avx2x4 gen() 39383 MB/s
[   47.378333] raid6: using avx2x2 recovery algorithm
[   47.380092] xor: automatically using best checksumming function:
[   47.420790]    avx       : 25399.000 MB/sec
[   47.506865] async_tx: api initialized (async)
[   47.730883] md: raid6 personality registered for level 6
[   47.859803] md: raid5 personality registered for level 5
[   47.860515] md: raid4 personality registered for level 4
[   47.865790] md: raid10 personality registered for level 10
done.
Begin: Running /[   48.058178] Btrfs loaded
scripts/init-premount ... done.
Begin: Mounting root file system ... Begin: Running /scripts/local-top ... done.
Begin: Running /scripts/local-premount ... Scanning for Btrfs filesystems
[   48.159553] EXT4-fs (sda1): INFO: recovery required on readonly filesystem
done.
Warning: [   48.253680] EXT4-fs (sda1): write access will be enabled during recovery
fsck not present, so skipping root file system
[   48.535906] EXT4-fs (sda1): orphan cleanup on readonly fs
[   49.100395] EXT4-fs (sda1): 2 orphan inodes deleted
[   49.485053] EXT4-fs (sda1): recovery complete
[   49.486157] EXT4-fs (sda1): mounted filesystem with ordered data mode. Opts: (null)
done.
Begin: Running /scripts/local-bottom ... done.
Begin: Running /scripts/init-bottom ... done.
[   50.382215] random: nonblocking pool is initialized
[   50.722715] systemd[1]: systemd 229 running in system mode. (+PAM +AUDIT +SELINUX +IMA +APPARMOR +SMACK +SYSVINIT +UTMP +LIBCRYPTSETUP +GCRYPT +GNUTLS +ACL +XZ -LZ4 +SECCOMP +BLKID +ELFUTILS +KMOD -IDN)
[   50.988873] systemd[1]: Detected virtualization oracle.
[   51.098358] systemd[1]: Detected architecture x86-64.

Welcome to [1mUbuntu 16.04.7 LTS[0m!

[   51.317568] systemd[1]: Set hostname to <ubuntu-xenial>.
[  51160sysmd]:taed Trigger resolvcf uatfor networkd DNS.

[[0;32m  OK  [0m] Started Trigger resolvconf update for networkd DNS.
[   52.627299] systemd1] Start Frward Pawo Rues  Wl irecto Wch
[[0;32m  OK  [0m] Started Forward Password Requests to Wall Directory Watch.
[   53.545543] sysmd1]: Listening on fsck to fsckd communication Socket.
[[0;32m  OK  [0m] Listening on fsck to fsckd communication Socket.
[   3.53] std[: ead slice User and Session Slice
[[0;32m  OK  [0m] Created slice User and Session Slice.
[   54.485393] systemd[1]: Reaedtarget Swap.
[[0;32m  OK  [0m] Reached target Swap.
[   54.727336] systemd[1]: Created slice System Slice.
[[0;32m  OK  [0m] Created slice System Slice.
[   54.773312] syste[1 Lteng on JonaSoet
[[0;32m  OK  [0m] Listening on Journal Socket.
[   55.509418] systemd[1]: Starting Uncomplicated firewall...
         Starting Uncomplicated firewall...
[   55.704921] systemd[1]: Starting Nameserver information manager...
         Starting Nameserver information manager...
[   55.708562] systemd[1]: Starting File System Check on Root Device...
         Starting File System Check on Root Device...
[   55.787661] systemd[1]: Starting Create list of required static device nodes for the current kernel...
         Starting Create list of required st... nodes for the current kernel...
[   55.839820] systemd[1]: Mounting Huge Pages File System...
         Mounting Huge Pages File System...
[   56.036950] systemd[1]: Reached target System TimSyhriz.
[[0;32m  OK  [0m] Reached target System Time Synchronized.
[   56.501025] systemd[1 Rached target Slices.
[[0;32m  OK  [0m] Reached target Slices.
[   56.828888] systemd[1]: Reached target Encrypted Volumes.
[[0;32m  OK  [0m] Reached target Encrypted Volumes.
[   57.009394] systemd[1]: Starting Load Kernel Modules...
         Starting Load Kernel Modules...
[   57.185633] systemd[1]: Listening on Syslog Socket.
[[0;32m  OK  [0[   57.239350] Loading iSCSI transport class v2.0-870.
m] Listening on Syslog Socket.
[   57.460195] iscsi: registered transport (tcp)
[   57.663691] systemd[1]: Reached target User and Group Name Lookups.
[[0;32m  OK  [0m] Reached target User and Group Name Lookups.
[  57714syem1] Listening on /dev/initctl Compatibility Named Pipe.
[   58.301827] iscsi: registered transport (iser)
[[0;32m  OK  [0m] Listening on /dev/initctl Compatibility Named Pipe.
[   58.795515] systemd[1]: Starting Set console keymap...
         Starting Set console keymap...
[   58.945641] systemd[1]: Listening on udev Control Socket.
[[0;32m  OK  [0m] Listening on udev Control Socket.
[   58.949493] systemd[1]: Created slice system-serial\x2dgetty.slice.
[[0;32m  OK  [0m] Created slice system-serial\x2dgetty.slice.
[   58.989051] systemd[1]: Set up automot biarExutleilFoatFi Ste Automount Point.
[[0;32m  OK  [0m] Set up automount Arbitrary Executab...ats File System Automount Point.
[   59.783359] systemd[1]: Listening on LVM2 metadata daemon socket.
[[0;32m  OK  [0m] Listening on LVM2 metadata daemon socket.
[   60.013425] systemd[1]: Listening on Journal Socket (/dev/log).
[[0;32m  OK  [0m] Listening on Journal Socket (/dev/log).
[   .204 ste[1 Ltengn M2poll aemon cket.
[[0;32m  OK  [0m] Listening on LVM2 poll daemon socket.
[   60.861147] systemd[1]: Mounting POSIX Message Queue File System...
         Mounting POSIX Message Queue File System...
[   61.051994] systemd[1]: Mounting Debug File System...
         Mounting Debug File System...
[   61.068889] systemd[1]: Listening on Device-mapper event daemon FIFOs.
[[0;32m  OK  [0m] Listening on Device-mapper event daemon FIFOs.
[   61.129218] systemd[1]: Starting Monitoring of LVM2 mirrors, snapshots etc. using dmeventd or progress polling...
         Starting Monitoring of LVM2 mirrors... dmeventd or progress polling...
[ 61853]ysemd[1]: Listinonoualud Ske
[[0;32m  OK  [0m] Listening on Journal Audit Socket.
[   62.124873] systemd[1]: Starting Journal Service...
         Starting Journal Service...
[   62.126502] systemd[1]: Listening on udev Kernel Socket.
[[0;32m  OK  [0m] Listening on udev Kernel Socket.
[   62.146451] systemd]:ouedugPages File System.
[[0;32m  OK  [0m] Mounted Huge Pages File System.
[   62.577448] systemd[1]: Mounted POSIX Message euFi Stem.
[[0;32m  OK  [0m] Mounted POSIX Message Queue File System.
[   63.017085] systemd[1]: Mounted Debug File System.
[[0;32m  OK  [0m] Mounted Debug File System.
[ 63.1252] std[: art Journal Servi.
[[0;32m  OK  [0m] Started Journal Service.
[[0;32m  OK  [0m] Started Uncomplicated firewall.
[[0;32m  OK  [0m] Started File System Check on Root Device.
[[0;32m  OK  [0m] Started Create list of required sta...ce nodes for the current kernel.
[[0;32m  OK  [0m] Started Load Kernel Modules.
[[0;32m  OK  [0m] Started Set console keymap.
[[0;32m  OK  [0m] Started Nameserver information manager.
[[0;32m  OK  [0m] Started File System Check Daemon to report status.
[[0;32m  OK  [0m] Started LVM2 metadata daemon.
         Mounting FUSE Control File System...
         Starting Apply Kernel Variables...
         Starting Create Static Device Nodes in /dev...
         Starting Remount Root and Kernel File Systems...
[[0;32m  OK  [0m] Mounted FUSE Control File System.
[[0;32m  OK  [0m] Started Apply Kernel Variables.
[[0;32m  OK  [0m] Started Create Static Device Nodes in /dev.
[[0;32m  OK  [0m] Started Remount Root and Kernel File Systems.
         Starting udev Coldplug all Devices...
         Starting Load/Save Random Seed...
         Starting Flush Journal to Persistent Storage...
         Starting udev Kernel Device Manager...
[[0;32m  OK  [0m] Started Load/Save Random Seed.
[[0;32m  OK  [0m] Started Flush Journal to Persistent Storage.
[[0;32m  OK  [0m] Started udev Coldplug all Devices.
[[0;32m  OK  [0m] Started udev Kernel Device Manager.
[[0;32m  OK  [0m] Started Dispatch Password Requests to Console Directory Watch.
[[0;32m  OK  [0m] Started Monitoring of LVM2 mirrors,...ng dmeventd or progress polling.
[[0;32m  OK  [0m] Found device /dev/ttyS0.
[[0;32m  OK  [0m] Listening on Load/Save RF Kill Switch Status /dev/rfkill Watch.
[[0;32m  OK  [0m] Reached target Local File Systems (Pre).
[[0;32m  OK  [0m] Reached target Local File Systems.
         Starting Set console font and keymap...
         Starting Tell Plymouth To Write Out Runtime Data...
         Starting Initial cloud-init job (pre-networking)...
         Starting Create Volatile Files and Directories...
         Starting LSB: AppArmor initialization...
[[0;32m  OK  [0m] Started Set console font and keymap.
[[0;32m  OK  [0m] Started Tell Plymouth To Write Out Runtime Data.
[[0;32m  OK  [0m] Started Create Volatile Files and Directories.
         Starting Update UTMP about System Boot/Shutdown...
[[0;32m  OK  [0m] Created slice system-getty.slice.
[[0;32m  OK  [0m] Found device 82540EM Gigabit Ethern...r (PRO/1000 MT Desktop Adapter).
[[0;32m  OK  [0m] Found device 82540EM Gigabit Ethern...r (PRO/1000 MT Desktop Adapter).
[[0;32m  OK  [0m] Started Update UTMP about System Boot/Shutdown.
[[0;32m  OK  [0m] Started LSB: AppArmor initialization.
         Starting Load AppArmor profiles managed internally by snapd...
[[0;32m  OK  [0m] Started Load AppArmor profiles managed internally by snapd.
[   53.475354] cloud-init[689]: Cloud-init v. 21.1-19-gbad84ad4-0ubuntu1~16.04.2 running 'init-local' at Fri, 19 Nov 2021 12:14:10 +0000. Up 52.95 seconds.
[[0;32m  OK  [0m] Started Initial cloud-init job (pre-networking).
[[0;32m  OK  [0m] Reached target Network (Pre).
         Starting Raise network interfaces...
[[0;32m  OK  [0m] Started ifup for enp0s8.
[[0;32m  OK  [0m] Started ifup for enp0s3.
[[0;32m  OK  [0m] Started Raise network interfaces.
[[0;32m  OK  [0m] Reached target Network.
         Starting Initial cloud-init job (metadata service crawler)...
[   54.853957] cloud-init[1109]: Cloud-init v. 21.1-19-gbad84ad4-0ubuntu1~16.04.2 running 'init' at Fri, 19 Nov 2021 12:14:11 +0000. Up 54.43 seconds.
[[0;32m  OK  [0m] Started Initial cloud-init job (metadata service crawler).
[   54.979989] cloud-init[1109]: ci-info: ++++++++++++++++++++++++++++++++++++++Net device info+++++++++++++++++++++++++++++++++++++++
[[0;32m  OK  [0m] Reached target System Initialization.
[   54.999228] cloud-init[1109]: ci-info: +--------+------+-----------------------------+---------------+--------+-------------------+
[[0;32m  OK  [0m] Started Message of the Day.
[   55.027565] cloud-init[1109]: ci-info: | Device |  Up  |           Address           |      Mask     | Scope  |     Hw-Address    |
[   55.036802] cloud-init[1109]: ci-info: +--------+------+-----------------------------+---------------+--------+-------------------+
[   55.037348] cloud-init[1109]: ci-info: | enp0s3 | True |          10.0.2.15          | 255.255.255.0 | global | 02:be:82:6b:cc:1d |
[   55.037833] cloud-init[1109]: ci-info: | enp0s3 | True |  fe80::be:82ff:fe6b:cc1d/64 |       .       |  link  | 02:be:82:6b:cc:1d |
[   55.038348] cloud-init[1109]: ci-info: | enp0s8 | True |          10.0.0.176         | 255.255.255.0 | global | 08:00:27:70:cd:ef |
[   55.038880] cloud-init[1109]: ci-info: | enp0s8 | True | fe80::a00:27ff:fe70:cdef/64 |       .       |  link  | 08:00:27:70:cd:ef |
[   55.039351] cloud-init[1109]: ci-info: |   lo   | True |          127.0.0.1          |   255.0.0.0   |  host  |         .         |
[[0;32m  OK  [0m] Listening on D-Bus System Message Bus Socket.
[[0;32m  OK  [0m] Started Ubuntu Advantage update messaging.
[[0;32m  OK  [0m] Listening on UUID daemon activation socket.
[[0;32m  OK  [0m] Started Daily apt download activities.
[[0;32m  OK  [0m] Started Daily apt upgrade and clean activities.
[   55.040211] cloud-init[1109]: ci-info: |   lo   | True |           ::1/128           |       .       |  host  |         .         |
[   55.604753] cloud-init[1109]: ci-info: +--------+------+-----------------------------+---------------+--------+-------------------+
[[0;32m  OK  [0m] Started ACPI Events Check.
[[0;32m  OK  [0m] Reached target Paths.
[   55.672239] cloud-init[1109]: ci-info: +++++++++++++++++++++++++++Route IPv4 info++++++++++++++++++++++++++++
[   55.712089] cloud-init[1109]: ci-info: +-------+-------------+----------+---------------+-----------+-------+
[   55.732048] cloud-init[1109]: ci-info: | Route | Destination | Gateway  |    Genmask    | Interface | Flags |
[   55.752404] cloud-init[1109]: ci-info: +-------+-------------+----------+---------------+-----------+-------+
[   55.800858]          cloud-initStarting LXD - unix socket.[1109]: 
ci-info: |   0   |   0.0.0.0   | 10.0.2.2 |    0.0.0.0    |   enp0s3  |   UG  |
[   55.825166] [cloud-init[0;32m  OK  [0m[1109]: ] ci-info: |   1   |   10.0.0.0  | 0.0.0.0  | 255.255.255.0 |   enp0s8  |   U   |Started Daily Cleanup of Temporary Directories.

[   55.928872] [cloud-init[0;32m  OK  [0m[1109]: ] ci-info: |   2   |   10.0.2.0  | 0.0.0.0  | 255.255.255.0 |   enp0s3  |   U   |Reached target Timers.

[   55.930791]          cloud-initStarting Socket activation for snappy daemon.[1109]: 
ci-info: +-------+-------------+----------+---------------+-----------+-------+
[   56.060475] [cloud-init[0;32m  OK  [0m[1109]: ] ci-info: +++++++++++++++++++Route IPv6 info+++++++++++++++++++Listening on ACPID Listen Socket.

[   56.100882] [cloud-init[0;32m  OK  [0m[1109]: ] ci-info: +-------+-------------+---------+-----------+-------+Reached target Network is Online.

         Starting iSCSI initiator daemon (iscsid)...
[[0;32m  OK  [0m] Reached target Cloud-config availability.
[[0;32m  OK  [0m] Listening on LXD - unix socket.
[   56.163364] cloud-init[1109]: ci-info: | Route | Destination | Gateway | Interface | Flags |
[   56.265172] cloud-init[1109]: ci-info: +-------+-------------+---------+-----------+-------+
[   56.276384] cloud-init[1109]: ci-info: |   0   |  fe80::/64  |    ::   |   enp0s3  |   U   |
[   56.276632] cloud-init[1109]: ci-info: |   1   |  fe80::/64  |    ::   |   enp0s8  |   U   |
[   56.277390] cloud-init[1109]: ci-info: |   4   |   ff00::/8  |    ::   |   enp0s3  |   U   |
[   56.277525] cloud-init[1109]: ci-info: |   5   |   ff00::/8  |    ::   |   enp0s8  |   U   |
[   56.277664] cloud-init[1109]: ci-info: +-------+-------------+---------+-----------+-------+
[[0;32m  OK  [0m] Listening on Socket activation for snappy daemon.
[[0;32m  OK  [0m] Reached target Sockets.
[[0;32m  OK  [0m] Reached target Basic System.
[[0;32m  OK  [0m] Started Deferred execution scheduler.
         Starting /etc/rc.local Compatibility...
[[0;32m  OK  [0m] Started ACPI event daemon.
[[0;32m  OK  [0m] Started D-Bus System Message Bus.
[[0;32m  OK  [0m] Started Regular background program processing daemon.
         Starting LSB: MD monitoring daemon...
         Starting Ubuntu Advantage APT and MOTD Messages...
         Starting Virtualbox guest utils...
[[0;32m  OK  [0m] Started FUSE filesystem for LXC.
         Starting OpenBSD Secure Shell server...
         Starting Snap Daemon...
         Starting A high performance web server and a reverse proxy server...
         Starting LSB: Record successful boot for GRUB...
         Starting Accounts Service...
         Starting Message of the Day...
         Starting System Logging Service...
         Starting Login Service...
         Starting LXD - container startup/shutdown...
[[0;32m  OK  [0m] Started iSCSI initiator daemon (iscsid).
[[0;32m  OK  [0m] Started /etc/rc.local Compatibility.
[[0;32m  OK  [0m] Started Message of the Day.
[[0;32m  OK  [0m] Started OpenBSD Secure Shell server.
         Starting Login to default iSCSI targets...
[[0;32m  OK  [0m] Started Login Service.
[[0;32m  OK  [0m] Started Unattended Upgrades Shutdown.
[[0;32m  OK  [0m] Started LSB: Record successful boot for GRUB.
[[0;32m  OK  [0m] Started System Logging Service.
[[0;32m  OK  [0m] Started LSB: MD monitoring daemon.
[[0;32m  OK  [0m] Started Login to default iSCSI targets.
[[0;32m  OK  [0m] Reached target Remote File Systems (Pre).
[[0;32m  OK  [0m] Reached target Remote File Systems.
         Starting LSB: Set the CPU Frequency Scaling governor to "ondemand"...
         Starting LSB: daemon to balance interrupts for SMP systems...
         Starting Permit User Sessions...
         Starting LSB: automatic crash report generation...
[[0;32m  OK  [0m] Started Virtualbox guest utils.
[[0;32m  OK  [0m] Started Permit User Sessions.
         Starting Hold until boot process finishes up...
         Starting Terminate Plymouth Boot Screen...
         Starting Authenticate and Authorize Users to Run Privileged Tasks...
[[0;32m  OK  [0m] Started LSB: Set the CPU Frequency Scaling governor to "ondemand".
[[0;32m  OK  [0m] Started Hold until boot process finishes up.
[[0;32m  OK  [0m] Started Terminate Plymouth Boot Screen.
[[0;32m  OK  [0m] Started LSB: daemon to balance interrupts for SMP systems.
[[0;32m  OK  [0m] Started Getty on tty1.
         Starting Set console scheme...
[[0;32m  OK  [0m] Started Serial Getty on ttyS0.
[[0;32m  OK  [0m] Reached target Login Prompts.
[[0;32m  OK  [0m] Started LSB: automatic crash report generation.
[[0;32m  OK  [0m] Started Set console scheme.
[[0;32m  OK  [0m] Started Authenticate and Authorize Users to Run Privileged Tasks.
[[0;32m  OK  [0m] Started Accounts Service.
[[0;32m  OK  [0m] Started A high performance web server and a reverse proxy server.
[[0;32m  OK  [0m] Started LXD - container startup/shutdown.
[[0;32m  OK  [0m] Started Snap Daemon.
         Starting Wait until snapd is fully seeded...
[[0;32m  OK  [0m] Started Wait until snapd is fully seeded.
[[0;32m  OK  [0m] Reached target Multi-User System.
[[0;32m  OK  [0m] Reached target Graphical Interface.
         Starting Update UTMP about System Runlevel Changes...
         Starting Apply the settings specified in cloud-config...
[[0;32m  OK  [0m] Started Update UTMP about System Runlevel Changes.
[[0;32m  OK  [0m] Created slice User Slice of vagrant.
         Starting User Manager for UID 1000...
[[0;32m  OK  [0m] Started Session 1 of user vagrant.
[[0;32m  OK  [0m] Started User Manager for UID 1000.
[[0;32m  OK  [0m] Started Apply the settings specified in cloud-config.
[   59.780159] cloud-init[1388]: Cloud-init v. 21.1-19-gbad84ad4-0ubuntu1~16.04.2 running 'modules:config' at Fri, 19 Nov 2021 12:14:16 +0000. Up 59.63 seconds.
         Starting Execute cloud user/final scripts...
[   60.366541] cloud-init[1406]: Cloud-init v. 21.1-19-gbad84ad4-0ubuntu1~16.04.2 running 'modules:final' at Fri, 19 Nov 2021 12:14:17 +0000. Up 60.09 seconds.
[   60.484316] [cloud-init[0;32m  OK  [0m[1406]: ] Cloud-init v. 21.1-19-gbad84ad4-0ubuntu1~16.04.2 finished at Fri, 19 Nov 2021 12:14:17 +0000. Datasource DataSourceNoCloud [seed=/dev/sdb][dsmode=net].  Up 60.36 secondsStarted Execute cloud user/final scripts.

         Starting Daily apt download activities...
[[0;32m  OK  [0m] Reached target Cloud-init target.
[[0;32m  OK  [0m] Started Daily apt download activities.
         Starting Daily apt upgrade and clean activities...
[[0;32m  OK  [0m] Started Daily apt upgrade and clean activities.
[[0;32m  OK  [0m] Started Ubuntu Advantage APT and MOTD Messages.

Ubuntu 16.04.7 LTS ubuntu-xenial ttyS0

ubuntu-xenial login: 